# JRE version: Java(TM) SE Runtime Environment (8.0_60-b27) (build 1.8.0_60-b27)
# Java VM: Java HotSpot(TM) 64-Bit Server VM (25.60-b23 mixed mode windows-amd64 compressed oops)
Heap:
 PSYoungGen      total 66048K, used 27069K [0x00000000eb600000, 0x00000000ef900000, 0x0000000100000000)
  eden space 63488K, 39% used [0x00000000eb600000,0x00000000ecea60b0,0x00000000ef400000)
  from space 2560K, 71% used [0x00000000ef680000,0x00000000ef849370,0x00000000ef900000)
  to   space 2560K, 0% used [0x00000000ef400000,0x00000000ef400000,0x00000000ef680000)
 ParOldGen       total 107008K, used 73589K [0x00000000c2200000, 0x00000000c8a80000, 0x00000000eb600000)
  object space 107008K, 68% used [0x00000000c2200000,0x00000000c69dd610,0x00000000c8a80000)
 Metaspace       used 9743K, capacity 9942K, committed 10240K, reserved 1058816K
  class space    used 1151K, capacity 1221K, committed 1280K, reserved 1048576K
GC Heap History (8 events):
Event: 1.210 GC heap before
{Heap before GC invocations=1 (full 0):
 PSYoungGen      total 18432K, used 15844K [0x00000000eb600000, 0x00000000eca80000, 0x0000000100000000)
  eden space 15872K, 99% used [0x00000000eb600000,0x00000000ec579398,0x00000000ec580000)
  from space 2560K, 0% used [0x00000000ec800000,0x00000000ec800000,0x00000000eca80000)
  to   space 2560K, 0% used [0x00000000ec580000,0x00000000ec580000,0x00000000ec800000)
 ParOldGen       total 107008K, used 64119K [0x00000000c2200000, 0x00000000c8a80000, 0x00000000eb600000)
  object space 107008K, 59% used [0x00000000c2200000,0x00000000c609dc10,0x00000000c8a80000)
 Metaspace       used 8866K, capacity 9102K, committed 9472K, reserved 1056768K
  class space    used 1086K, capacity 1157K, committed 1280K, reserved 1048576K
Event: 1.236 GC heap after
Heap after GC invocations=1 (full 0):
 PSYoungGen      total 18432K, used 2549K [0x00000000eb600000, 0x00000000eda00000, 0x0000000100000000)
  eden space 15872K, 0% used [0x00000000eb600000,0x00000000eb600000,0x00000000ec580000)
  from space 2560K, 99% used [0x00000000ec580000,0x00000000ec7fd7a0,0x00000000ec800000)
  to   space 2560K, 0% used [0x00000000ed780000,0x00000000ed780000,0x00000000eda00000)
 ParOldGen       total 107008K, used 65159K [0x00000000c2200000, 0x00000000c8a80000, 0x00000000eb600000)
  object space 107008K, 60% used [0x00000000c2200000,0x00000000c61a1c20,0x00000000c8a80000)
 Metaspace       used 8866K, capacity 9102K, committed 9472K, reserved 1056768K
  class space    used 1086K, capacity 1157K, committed 1280K, reserved 1048576K
}
Event: 1.316 GC heap before
{Heap before GC invocations=2 (full 0):
 PSYoungGen      total 18432K, used 18399K [0x00000000eb600000, 0x00000000eda00000, 0x0000000100000000)
  eden space 15872K, 99% used [0x00000000eb600000,0x00000000ec57a6a0,0x00000000ec580000)
  from space 2560K, 99% used [0x00000000ec580000,0x00000000ec7fd7a0,0x00000000ec800000)
  to   space 2560K, 0% used [0x00000000ed780000,0x00000000ed780000,0x00000000eda00000)
 ParOldGen       total 107008K, used 65159K [0x00000000c2200000, 0x00000000c8a80000, 0x00000000eb600000)
  object space 107008K, 60% used [0x00000000c2200000,0x00000000c61a1c20,0x00000000c8a80000)
 Metaspace       used 8867K, capacity 9102K, committed 9472K, reserved 1056768K
  class space    used 1086K, capacity 1157K, committed 1280K, reserved 1048576K
Event: 1.358 GC heap after
Heap after GC invocations=2 (full 0):
 PSYoungGen      total 34304K, used 2549K [0x00000000eb600000, 0x00000000eda00000, 0x0000000100000000)
  eden space 31744K, 0% used [0x00000000eb600000,0x00000000eb600000,0x00000000ed500000)
  from space 2560K, 99% used [0x00000000ed780000,0x00000000ed9fd7a0,0x00000000eda00000)
  to   space 2560K, 0% used [0x00000000ed500000,0x00000000ed500000,0x00000000ed780000)
 ParOldGen       total 107008K, used 67089K [0x00000000c2200000, 0x00000000c8a80000, 0x00000000eb600000)
  object space 107008K, 62% used [0x00000000c2200000,0x00000000c6384470,0x00000000c8a80000)
 Metaspace       used 8867K, capacity 9102K, committed 9472K, reserved 1056768K
  class space    used 1086K, capacity 1157K, committed 1280K, reserved 1048576K
}
Event: 1.581 GC heap before
{Heap before GC invocations=3 (full 0):
 PSYoungGen      total 34304K, used 34240K [0x00000000eb600000, 0x00000000eda00000, 0x0000000100000000)
  eden space 31744K, 99% used [0x00000000eb600000,0x00000000ed4f28d0,0x00000000ed500000)
  from space 2560K, 99% used [0x00000000ed780000,0x00000000ed9fd7a0,0x00000000eda00000)
  to   space 2560K, 0% used [0x00000000ed500000,0x00000000ed500000,0x00000000ed780000)
 ParOldGen       total 107008K, used 67089K [0x00000000c2200000, 0x00000000c8a80000, 0x00000000eb600000)
  object space 107008K, 62% used [0x00000000c2200000,0x00000000c6384470,0x00000000c8a80000)
 Metaspace       used 8870K, capacity 9102K, committed 9472K, reserved 1056768K
  class space    used 1086K, capacity 1157K, committed 1280K, reserved 1048576K
Event: 1.612 GC heap after
Heap after GC invocations=3 (full 0):
 PSYoungGen      total 34304K, used 2549K [0x00000000eb600000, 0x00000000ef900000, 0x0000000100000000)
  eden space 31744K, 0% used [0x00000000eb600000,0x00000000eb600000,0x00000000ed500000)
  from space 2560K, 99% used [0x00000000ed500000,0x00000000ed77d7a0,0x00000000ed780000)
  to   space 2560K, 0% used [0x00000000ef680000,0x00000000ef680000,0x00000000ef900000)
 ParOldGen       total 107008K, used 69011K [0x00000000c2200000, 0x00000000c8a80000, 0x00000000eb600000)
  object space 107008K, 64% used [0x00000000c2200000,0x00000000c6564cc0,0x00000000c8a80000)
 Metaspace       used 8870K, capacity 9102K, committed 9472K, reserved 1056768K
  class space    used 1086K, capacity 1157K, committed 1280K, reserved 1048576K
}
Event: 25.316 GC heap before
{Heap before GC invocations=4 (full 0):
 PSYoungGen      total 34304K, used 30495K [0x00000000eb600000, 0x00000000ef900000, 0x0000000100000000)
  eden space 31744K, 88% used [0x00000000eb600000,0x00000000ed14a578,0x00000000ed500000)
  from space 2560K, 99% used [0x00000000ed500000,0x00000000ed77d7a0,0x00000000ed780000)
  to   space 2560K, 0% used [0x00000000ef680000,0x00000000ef680000,0x00000000ef900000)
 ParOldGen       total 107008K, used 69011K [0x00000000c2200000, 0x00000000c8a80000, 0x00000000eb600000)
  object space 107008K, 64% used [0x00000000c2200000,0x00000000c6564cc0,0x00000000c8a80000)
 Metaspace       used 9440K, capacity 9614K, committed 9728K, reserved 1058816K
  class space    used 1151K, capacity 1221K, committed 1280K, reserved 1048576K
Event: 25.323 GC heap after
Heap after GC invocations=4 (full 0):
 PSYoungGen      total 66048K, used 1828K [0x00000000eb600000, 0x00000000ef900000, 0x0000000100000000)
  eden space 63488K, 0% used [0x00000000eb600000,0x00000000eb600000,0x00000000ef400000)
  from space 2560K, 71% used [0x00000000ef680000,0x00000000ef849370,0x00000000ef900000)
  to   space 2560K, 0% used [0x00000000ef400000,0x00000000ef400000,0x00000000ef680000)
 ParOldGen       total 107008K, used 73589K [0x00000000c2200000, 0x00000000c8a80000, 0x00000000eb600000)
  object space 107008K, 68% used [0x00000000c2200000,0x00000000c69dd610,0x00000000c8a80000)
 Metaspace       used 9440K, capacity 9614K, committed 9728K, reserved 1058816K
  class space    used 1151K, capacity 1221K, committed 1280K, reserved 1048576K
}

