# JRE version: Java(TM) SE Runtime Environment (8.0_60-b27) (build 1.8.0_60-b27)
# Java VM: Java HotSpot(TM) 64-Bit Server VM (25.60-b23 mixed mode windows-amd64 compressed oops)
Heap:
 PSYoungGen      total 18432K, used 2027K [0x00000000eb600000, 0x00000000eca80000, 0x0000000100000000)
  eden space 15872K, 12% used [0x00000000eb600000,0x00000000eb7fae60,0x00000000ec580000)
  from space 2560K, 0% used [0x00000000ec580000,0x00000000ec580000,0x00000000ec800000)
  to   space 2560K, 0% used [0x00000000ec800000,0x00000000ec800000,0x00000000eca80000)
 ParOldGen       total 56320K, used 11696K [0x00000000c2200000, 0x00000000c5900000, 0x00000000eb600000)
  object space 56320K, 20% used [0x00000000c2200000,0x00000000c2d6c088,0x00000000c5900000)
 Metaspace       used 8883K, capacity 9062K, committed 9216K, reserved 1060864K
  class space    used 1092K, capacity 1183K, committed 1280K, reserved 1048576K
GC Heap History (10 events):
Event: 1.981 GC heap after
Heap after GC invocations=1 (full 0):
 PSYoungGen      total 18432K, used 2549K [0x00000000eb600000, 0x00000000eca80000, 0x0000000100000000)
  eden space 15872K, 0% used [0x00000000eb600000,0x00000000eb600000,0x00000000ec580000)
  from space 2560K, 99% used [0x00000000ec580000,0x00000000ec7fd7a0,0x00000000ec800000)
  to   space 2560K, 0% used [0x00000000ec800000,0x00000000ec800000,0x00000000eca80000)
 ParOldGen       total 42496K, used 17384K [0x00000000c2200000, 0x00000000c4b80000, 0x00000000eb600000)
  object space 42496K, 40% used [0x00000000c2200000,0x00000000c32fa250,0x00000000c4b80000)
 Metaspace       used 8763K, capacity 8976K, committed 9216K, reserved 1056768K
  class space    used 1080K, capacity 1156K, committed 1280K, reserved 1048576K
}
Event: 1.981 GC heap before
{Heap before GC invocations=2 (full 0):
 PSYoungGen      total 18432K, used 2549K [0x00000000eb600000, 0x00000000eca80000, 0x0000000100000000)
  eden space 15872K, 0% used [0x00000000eb600000,0x00000000eb600000,0x00000000ec580000)
  from space 2560K, 99% used [0x00000000ec580000,0x00000000ec7fd7a0,0x00000000ec800000)
  to   space 2560K, 0% used [0x00000000ec800000,0x00000000ec800000,0x00000000eca80000)
 ParOldGen       total 42496K, used 17384K [0x00000000c2200000, 0x00000000c4b80000, 0x00000000eb600000)
  object space 42496K, 40% used [0x00000000c2200000,0x00000000c32fa250,0x00000000c4b80000)
 Metaspace       used 8763K, capacity 8976K, committed 9216K, reserved 1056768K
  class space    used 1080K, capacity 1156K, committed 1280K, reserved 1048576K
Event: 2.008 GC heap after
Heap after GC invocations=2 (full 0):
 PSYoungGen      total 18432K, used 2549K [0x00000000eb600000, 0x00000000eca80000, 0x0000000100000000)
  eden space 15872K, 0% used [0x00000000eb600000,0x00000000eb600000,0x00000000ec580000)
  from space 2560K, 99% used [0x00000000ec800000,0x00000000eca7d7a0,0x00000000eca80000)
  to   space 2560K, 0% used [0x00000000ec580000,0x00000000ec580000,0x00000000ec800000)
 ParOldGen       total 42496K, used 19322K [0x00000000c2200000, 0x00000000c4b80000, 0x00000000eb600000)
  object space 42496K, 45% used [0x00000000c2200000,0x00000000c34deaa0,0x00000000c4b80000)
 Metaspace       used 8763K, capacity 8976K, committed 9216K, reserved 1056768K
  class space    used 1080K, capacity 1156K, committed 1280K, reserved 1048576K
}
Event: 2.008 GC heap before
{Heap before GC invocations=3 (full 1):
 PSYoungGen      total 18432K, used 2549K [0x00000000eb600000, 0x00000000eca80000, 0x0000000100000000)
  eden space 15872K, 0% used [0x00000000eb600000,0x00000000eb600000,0x00000000ec580000)
  from space 2560K, 99% used [0x00000000ec800000,0x00000000eca7d7a0,0x00000000eca80000)
  to   space 2560K, 0% used [0x00000000ec580000,0x00000000ec580000,0x00000000ec800000)
 ParOldGen       total 42496K, used 19322K [0x00000000c2200000, 0x00000000c4b80000, 0x00000000eb600000)
  object space 42496K, 45% used [0x00000000c2200000,0x00000000c34deaa0,0x00000000c4b80000)
 Metaspace       used 8763K, capacity 8976K, committed 9216K, reserved 1056768K
  class space    used 1080K, capacity 1156K, committed 1280K, reserved 1048576K
Event: 2.038 GC heap after
Heap after GC invocations=3 (full 1):
 PSYoungGen      total 18432K, used 0K [0x00000000eb600000, 0x00000000eca80000, 0x0000000100000000)
  eden space 15872K, 0% used [0x00000000eb600000,0x00000000eb600000,0x00000000ec580000)
  from space 2560K, 0% used [0x00000000ec800000,0x00000000ec800000,0x00000000eca80000)
  to   space 2560K, 0% used [0x00000000ec580000,0x00000000ec580000,0x00000000ec800000)
 ParOldGen       total 49664K, used 11840K [0x00000000c2200000, 0x00000000c5280000, 0x00000000eb600000)
  object space 49664K, 23% used [0x00000000c2200000,0x00000000c2d90090,0x00000000c5280000)
 Metaspace       used 8763K, capacity 8976K, committed 9216K, reserved 1056768K
  class space    used 1080K, capacity 1156K, committed 1280K, reserved 1048576K
}
Event: 2.038 GC heap before
{Heap before GC invocations=4 (full 1):
 PSYoungGen      total 18432K, used 0K [0x00000000eb600000, 0x00000000eca80000, 0x0000000100000000)
  eden space 15872K, 0% used [0x00000000eb600000,0x00000000eb600000,0x00000000ec580000)
  from space 2560K, 0% used [0x00000000ec800000,0x00000000ec800000,0x00000000eca80000)
  to   space 2560K, 0% used [0x00000000ec580000,0x00000000ec580000,0x00000000ec800000)
 ParOldGen       total 49664K, used 11840K [0x00000000c2200000, 0x00000000c5280000, 0x00000000eb600000)
  object space 49664K, 23% used [0x00000000c2200000,0x00000000c2d90090,0x00000000c5280000)
 Metaspace       used 8763K, capacity 8976K, committed 9216K, reserved 1056768K
  class space    used 1080K, capacity 1156K, committed 1280K, reserved 1048576K
Event: 2.038 GC heap after
Heap after GC invocations=4 (full 1):
 PSYoungGen      total 18432K, used 0K [0x00000000eb600000, 0x00000000eca80000, 0x0000000100000000)
  eden space 15872K, 0% used [0x00000000eb600000,0x00000000eb600000,0x00000000ec580000)
  from space 2560K, 0% used [0x00000000ec580000,0x00000000ec580000,0x00000000ec800000)
  to   space 2560K, 0% used [0x00000000ec800000,0x00000000ec800000,0x00000000eca80000)
 ParOldGen       total 49664K, used 11840K [0x00000000c2200000, 0x00000000c5280000, 0x00000000eb600000)
  object space 49664K, 23% used [0x00000000c2200000,0x00000000c2d90090,0x00000000c5280000)
 Metaspace       used 8763K, capacity 8976K, committed 9216K, reserved 1056768K
  class space    used 1080K, capacity 1156K, committed 1280K, reserved 1048576K
}
Event: 2.038 GC heap before
{Heap before GC invocations=5 (full 2):
 PSYoungGen      total 18432K, used 0K [0x00000000eb600000, 0x00000000eca80000, 0x0000000100000000)
  eden space 15872K, 0% used [0x00000000eb600000,0x00000000eb600000,0x00000000ec580000)
  from space 2560K, 0% used [0x00000000ec580000,0x00000000ec580000,0x00000000ec800000)
  to   space 2560K, 0% used [0x00000000ec800000,0x00000000ec800000,0x00000000eca80000)
 ParOldGen       total 49664K, used 11840K [0x00000000c2200000, 0x00000000c5280000, 0x00000000eb600000)
  object space 49664K, 23% used [0x00000000c2200000,0x00000000c2d90090,0x00000000c5280000)
 Metaspace       used 8763K, capacity 8976K, committed 9216K, reserved 1056768K
  class space    used 1080K, capacity 1156K, committed 1280K, reserved 1048576K
Event: 2.066 GC heap after
Heap after GC invocations=5 (full 2):
 PSYoungGen      total 18432K, used 0K [0x00000000eb600000, 0x00000000eca80000, 0x0000000100000000)
  eden space 15872K, 0% used [0x00000000eb600000,0x00000000eb600000,0x00000000ec580000)
  from space 2560K, 0% used [0x00000000ec580000,0x00000000ec580000,0x00000000ec800000)
  to   space 2560K, 0% used [0x00000000ec800000,0x00000000ec800000,0x00000000eca80000)
 ParOldGen       total 56320K, used 11696K [0x00000000c2200000, 0x00000000c5900000, 0x00000000eb600000)
  object space 56320K, 20% used [0x00000000c2200000,0x00000000c2d6c088,0x00000000c5900000)
 Metaspace       used 8756K, capacity 8966K, committed 9216K, reserved 1056768K
  class space    used 1078K, capacity 1151K, committed 1280K, reserved 1048576K
}
Event: 2.157 GC heap before
{Heap before GC invocations=6 (full 2):
 PSYoungGen      total 18432K, used 2027K [0x00000000eb600000, 0x00000000eca80000, 0x0000000100000000)
  eden space 15872K, 12% used [0x00000000eb600000,0x00000000eb7fae60,0x00000000ec580000)
  from space 2560K, 0% used [0x00000000ec580000,0x00000000ec580000,0x00000000ec800000)
  to   space 2560K, 0% used [0x00000000ec800000,0x00000000ec800000,0x00000000eca80000)
 ParOldGen       total 56320K, used 11696K [0x00000000c2200000, 0x00000000c5900000, 0x00000000eb600000)
  object space 56320K, 20% used [0x00000000c2200000,0x00000000c2d6c088,0x00000000c5900000)
 Metaspace       used 8883K, capacity 9062K, committed 9216K, reserved 1060864K
  class space    used 1092K, capacity 1183K, committed 1280K, reserved 1048576K

