# JRE version: Java(TM) SE Runtime Environment (8.0_60-b27) (build 1.8.0_60-b27)
# Java VM: Java HotSpot(TM) 64-Bit Server VM (25.60-b23 mixed mode windows-amd64 compressed oops)
Heap:
 PSYoungGen      total 34304K, used 15922K [0x00000000eb600000, 0x00000000eda00000, 0x0000000100000000)
  eden space 31744K, 45% used [0x00000000eb600000,0x00000000ec3f5940,0x00000000ed500000)
  from space 2560K, 63% used [0x00000000ed780000,0x00000000ed916f50,0x00000000eda00000)
  to   space 2560K, 0% used [0x00000000ed500000,0x00000000ed500000,0x00000000ed780000)
 ParOldGen       total 107008K, used 64135K [0x00000000c2200000, 0x00000000c8a80000, 0x00000000eb600000)
  object space 107008K, 59% used [0x00000000c2200000,0x00000000c60a1c10,0x00000000c8a80000)
 Metaspace       used 9099K, capacity 9270K, committed 9472K, reserved 1056768K
  class space    used 1116K, capacity 1189K, committed 1280K, reserved 1048576K
GC Heap History (8 events):
Event: 1.735 GC heap before
{Heap before GC invocations=1 (full 0):
 PSYoungGen      total 18432K, used 15827K [0x00000000eb600000, 0x00000000eca80000, 0x0000000100000000)
  eden space 15872K, 99% used [0x00000000eb600000,0x00000000ec574fc0,0x00000000ec580000)
  from space 2560K, 0% used [0x00000000ec800000,0x00000000ec800000,0x00000000eca80000)
  to   space 2560K, 0% used [0x00000000ec580000,0x00000000ec580000,0x00000000ec800000)
 ParOldGen       total 107008K, used 64119K [0x00000000c2200000, 0x00000000c8a80000, 0x00000000eb600000)
  object space 107008K, 59% used [0x00000000c2200000,0x00000000c609dc10,0x00000000c8a80000)
 Metaspace       used 8714K, capacity 8918K, committed 9216K, reserved 1056768K
  class space    used 1079K, capacity 1157K, committed 1280K, reserved 1048576K
Event: 1.739 GC heap after
Heap after GC invocations=1 (full 0):
 PSYoungGen      total 18432K, used 1691K [0x00000000eb600000, 0x00000000eca80000, 0x0000000100000000)
  eden space 15872K, 0% used [0x00000000eb600000,0x00000000eb600000,0x00000000ec580000)
  from space 2560K, 66% used [0x00000000ec580000,0x00000000ec726f50,0x00000000ec800000)
  to   space 2560K, 0% used [0x00000000ec800000,0x00000000ec800000,0x00000000eca80000)
 ParOldGen       total 107008K, used 64127K [0x00000000c2200000, 0x00000000c8a80000, 0x00000000eb600000)
  object space 107008K, 59% used [0x00000000c2200000,0x00000000c609fc10,0x00000000c8a80000)
 Metaspace       used 8714K, capacity 8918K, committed 9216K, reserved 1056768K
  class space    used 1079K, capacity 1157K, committed 1280K, reserved 1048576K
}
Event: 1.792 GC heap before
{Heap before GC invocations=2 (full 0):
 PSYoungGen      total 18432K, used 17541K [0x00000000eb600000, 0x00000000eca80000, 0x0000000100000000)
  eden space 15872K, 99% used [0x00000000eb600000,0x00000000ec57a670,0x00000000ec580000)
  from space 2560K, 66% used [0x00000000ec580000,0x00000000ec726f50,0x00000000ec800000)
  to   space 2560K, 0% used [0x00000000ec800000,0x00000000ec800000,0x00000000eca80000)
 ParOldGen       total 107008K, used 64127K [0x00000000c2200000, 0x00000000c8a80000, 0x00000000eb600000)
  object space 107008K, 59% used [0x00000000c2200000,0x00000000c609fc10,0x00000000c8a80000)
 Metaspace       used 8727K, capacity 8918K, committed 9216K, reserved 1056768K
  class space    used 1079K, capacity 1157K, committed 1280K, reserved 1048576K
Event: 1.796 GC heap after
Heap after GC invocations=2 (full 0):
 PSYoungGen      total 18432K, used 1627K [0x00000000eb600000, 0x00000000eda00000, 0x0000000100000000)
  eden space 15872K, 0% used [0x00000000eb600000,0x00000000eb600000,0x00000000ec580000)
  from space 2560K, 63% used [0x00000000ec800000,0x00000000ec996f50,0x00000000eca80000)
  to   space 2560K, 0% used [0x00000000ec580000,0x00000000ec580000,0x00000000ec800000)
 ParOldGen       total 107008K, used 64135K [0x00000000c2200000, 0x00000000c8a80000, 0x00000000eb600000)
  object space 107008K, 59% used [0x00000000c2200000,0x00000000c60a1c10,0x00000000c8a80000)
 Metaspace       used 8727K, capacity 8918K, committed 9216K, reserved 1056768K
  class space    used 1079K, capacity 1157K, committed 1280K, reserved 1048576K
}
Event: 1.847 GC heap before
{Heap before GC invocations=3 (full 0):
 PSYoungGen      total 18432K, used 17496K [0x00000000eb600000, 0x00000000eda00000, 0x0000000100000000)
  eden space 15872K, 99% used [0x00000000eb600000,0x00000000ec57f0b0,0x00000000ec580000)
  from space 2560K, 63% used [0x00000000ec800000,0x00000000ec996f50,0x00000000eca80000)
  to   space 2560K, 0% used [0x00000000ec580000,0x00000000ec580000,0x00000000ec800000)
 ParOldGen       total 107008K, used 64135K [0x00000000c2200000, 0x00000000c8a80000, 0x00000000eb600000)
  object space 107008K, 59% used [0x00000000c2200000,0x00000000c60a1c10,0x00000000c8a80000)
 Metaspace       used 8727K, capacity 8918K, committed 9216K, reserved 1056768K
  class space    used 1079K, capacity 1157K, committed 1280K, reserved 1048576K
Event: 1.851 GC heap after
Heap after GC invocations=3 (full 0):
 PSYoungGen      total 18432K, used 1659K [0x00000000eb600000, 0x00000000eda00000, 0x0000000100000000)
  eden space 15872K, 0% used [0x00000000eb600000,0x00000000eb600000,0x00000000ec580000)
  from space 2560K, 64% used [0x00000000ec580000,0x00000000ec71ef50,0x00000000ec800000)
  to   space 2560K, 0% used [0x00000000ed780000,0x00000000ed780000,0x00000000eda00000)
 ParOldGen       total 107008K, used 64135K [0x00000000c2200000, 0x00000000c8a80000, 0x00000000eb600000)
  object space 107008K, 59% used [0x00000000c2200000,0x00000000c60a1c10,0x00000000c8a80000)
 Metaspace       used 8727K, capacity 8918K, committed 9216K, reserved 1056768K
  class space    used 1079K, capacity 1157K, committed 1280K, reserved 1048576K
}
Event: 1.914 GC heap before
{Heap before GC invocations=4 (full 0):
 PSYoungGen      total 18432K, used 17513K [0x00000000eb600000, 0x00000000eda00000, 0x0000000100000000)
  eden space 15872K, 99% used [0x00000000eb600000,0x00000000ec57b538,0x00000000ec580000)
  from space 2560K, 64% used [0x00000000ec580000,0x00000000ec71ef50,0x00000000ec800000)
  to   space 2560K, 0% used [0x00000000ed780000,0x00000000ed780000,0x00000000eda00000)
 ParOldGen       total 107008K, used 64135K [0x00000000c2200000, 0x00000000c8a80000, 0x00000000eb600000)
  object space 107008K, 59% used [0x00000000c2200000,0x00000000c60a1c10,0x00000000c8a80000)
 Metaspace       used 8727K, capacity 8918K, committed 9216K, reserved 1056768K
  class space    used 1079K, capacity 1157K, committed 1280K, reserved 1048576K
Event: 1.918 GC heap after
Heap after GC invocations=4 (full 0):
 PSYoungGen      total 34304K, used 1627K [0x00000000eb600000, 0x00000000eda00000, 0x0000000100000000)
  eden space 31744K, 0% used [0x00000000eb600000,0x00000000eb600000,0x00000000ed500000)
  from space 2560K, 63% used [0x00000000ed780000,0x00000000ed916f50,0x00000000eda00000)
  to   space 2560K, 0% used [0x00000000ed500000,0x00000000ed500000,0x00000000ed780000)
 ParOldGen       total 107008K, used 64135K [0x00000000c2200000, 0x00000000c8a80000, 0x00000000eb600000)
  object space 107008K, 59% used [0x00000000c2200000,0x00000000c60a1c10,0x00000000c8a80000)
 Metaspace       used 8727K, capacity 8918K, committed 9216K, reserved 1056768K
  class space    used 1079K, capacity 1157K, committed 1280K, reserved 1048576K
}

