# JRE version: Java(TM) SE Runtime Environment (8.0_60-b27) (build 1.8.0_60-b27)
# Java VM: Java HotSpot(TM) 64-Bit Server VM (25.60-b23 mixed mode windows-amd64 compressed oops)
Heap:
 PSYoungGen      total 66048K, used 27106K [0x00000000eb600000, 0x00000000ef900000, 0x0000000100000000)
  eden space 63488K, 41% used [0x00000000eb600000,0x00000000ecf77630,0x00000000ef400000)
  from space 2560K, 40% used [0x00000000ef680000,0x00000000ef7813f0,0x00000000ef900000)
  to   space 2560K, 0% used [0x00000000ef400000,0x00000000ef400000,0x00000000ef680000)
 ParOldGen       total 107008K, used 71655K [0x00000000c2200000, 0x00000000c8a80000, 0x00000000eb600000)
  object space 107008K, 66% used [0x00000000c2200000,0x00000000c67f9dc0,0x00000000c8a80000)
 Metaspace       used 10009K, capacity 10178K, committed 10240K, reserved 1058816K
  class space    used 1182K, capacity 1255K, committed 1280K, reserved 1048576K
GC Heap History (8 events):
Event: 1.060 GC heap before
{Heap before GC invocations=1 (full 0):
 PSYoungGen      total 18432K, used 15840K [0x00000000eb600000, 0x00000000eca80000, 0x0000000100000000)
  eden space 15872K, 99% used [0x00000000eb600000,0x00000000ec5783a8,0x00000000ec580000)
  from space 2560K, 0% used [0x00000000ec800000,0x00000000ec800000,0x00000000eca80000)
  to   space 2560K, 0% used [0x00000000ec580000,0x00000000ec580000,0x00000000ec800000)
 ParOldGen       total 107008K, used 64119K [0x00000000c2200000, 0x00000000c8a80000, 0x00000000eb600000)
  object space 107008K, 59% used [0x00000000c2200000,0x00000000c609dc10,0x00000000c8a80000)
 Metaspace       used 8886K, capacity 9066K, committed 9216K, reserved 1056768K
  class space    used 1105K, capacity 1189K, committed 1280K, reserved 1048576K
Event: 1.087 GC heap after
Heap after GC invocations=1 (full 0):
 PSYoungGen      total 18432K, used 2549K [0x00000000eb600000, 0x00000000eda00000, 0x0000000100000000)
  eden space 15872K, 0% used [0x00000000eb600000,0x00000000eb600000,0x00000000ec580000)
  from space 2560K, 99% used [0x00000000ec580000,0x00000000ec7fd7c0,0x00000000ec800000)
  to   space 2560K, 0% used [0x00000000ed780000,0x00000000ed780000,0x00000000eda00000)
 ParOldGen       total 107008K, used 65139K [0x00000000c2200000, 0x00000000c8a80000, 0x00000000eb600000)
  object space 107008K, 60% used [0x00000000c2200000,0x00000000c619cc20,0x00000000c8a80000)
 Metaspace       used 8886K, capacity 9066K, committed 9216K, reserved 1056768K
  class space    used 1105K, capacity 1189K, committed 1280K, reserved 1048576K
}
Event: 1.149 GC heap before
{Heap before GC invocations=2 (full 0):
 PSYoungGen      total 18432K, used 18381K [0x00000000eb600000, 0x00000000eda00000, 0x0000000100000000)
  eden space 15872K, 99% used [0x00000000eb600000,0x00000000ec575cf8,0x00000000ec580000)
  from space 2560K, 99% used [0x00000000ec580000,0x00000000ec7fd7c0,0x00000000ec800000)
  to   space 2560K, 0% used [0x00000000ed780000,0x00000000ed780000,0x00000000eda00000)
 ParOldGen       total 107008K, used 65139K [0x00000000c2200000, 0x00000000c8a80000, 0x00000000eb600000)
  object space 107008K, 60% used [0x00000000c2200000,0x00000000c619cc20,0x00000000c8a80000)
 Metaspace       used 8887K, capacity 9066K, committed 9216K, reserved 1056768K
  class space    used 1105K, capacity 1189K, committed 1280K, reserved 1048576K
Event: 1.180 GC heap after
Heap after GC invocations=2 (full 0):
 PSYoungGen      total 34304K, used 2549K [0x00000000eb600000, 0x00000000eda00000, 0x0000000100000000)
  eden space 31744K, 0% used [0x00000000eb600000,0x00000000eb600000,0x00000000ed500000)
  from space 2560K, 99% used [0x00000000ed780000,0x00000000ed9fd7a0,0x00000000eda00000)
  to   space 2560K, 0% used [0x00000000ed500000,0x00000000ed500000,0x00000000ed780000)
 ParOldGen       total 107008K, used 67077K [0x00000000c2200000, 0x00000000c8a80000, 0x00000000eb600000)
  object space 107008K, 62% used [0x00000000c2200000,0x00000000c6381470,0x00000000c8a80000)
 Metaspace       used 8887K, capacity 9066K, committed 9216K, reserved 1056768K
  class space    used 1105K, capacity 1189K, committed 1280K, reserved 1048576K
}
Event: 1.390 GC heap before
{Heap before GC invocations=3 (full 0):
 PSYoungGen      total 34304K, used 34248K [0x00000000eb600000, 0x00000000eda00000, 0x0000000100000000)
  eden space 31744K, 99% used [0x00000000eb600000,0x00000000ed4f4ad0,0x00000000ed500000)
  from space 2560K, 99% used [0x00000000ed780000,0x00000000ed9fd7a0,0x00000000eda00000)
  to   space 2560K, 0% used [0x00000000ed500000,0x00000000ed500000,0x00000000ed780000)
 ParOldGen       total 107008K, used 67077K [0x00000000c2200000, 0x00000000c8a80000, 0x00000000eb600000)
  object space 107008K, 62% used [0x00000000c2200000,0x00000000c6381470,0x00000000c8a80000)
 Metaspace       used 8887K, capacity 9066K, committed 9216K, reserved 1056768K
  class space    used 1105K, capacity 1189K, committed 1280K, reserved 1048576K
Event: 1.396 GC heap after
Heap after GC invocations=3 (full 0):
 PSYoungGen      total 34304K, used 635K [0x00000000eb600000, 0x00000000ef900000, 0x0000000100000000)
  eden space 31744K, 0% used [0x00000000eb600000,0x00000000eb600000,0x00000000ed500000)
  from space 2560K, 24% used [0x00000000ed500000,0x00000000ed59ef50,0x00000000ed780000)
  to   space 2560K, 0% used [0x00000000ef680000,0x00000000ef680000,0x00000000ef900000)
 ParOldGen       total 107008K, used 67077K [0x00000000c2200000, 0x00000000c8a80000, 0x00000000eb600000)
  object space 107008K, 62% used [0x00000000c2200000,0x00000000c6381470,0x00000000c8a80000)
 Metaspace       used 8887K, capacity 9066K, committed 9216K, reserved 1056768K
  class space    used 1105K, capacity 1189K, committed 1280K, reserved 1048576K
}
Event: 11.510 GC heap before
{Heap before GC invocations=4 (full 0):
 PSYoungGen      total 34304K, used 32379K [0x00000000eb600000, 0x00000000ef900000, 0x0000000100000000)
  eden space 31744K, 100% used [0x00000000eb600000,0x00000000ed500000,0x00000000ed500000)
  from space 2560K, 24% used [0x00000000ed500000,0x00000000ed59ef50,0x00000000ed780000)
  to   space 2560K, 0% used [0x00000000ef680000,0x00000000ef680000,0x00000000ef900000)
 ParOldGen       total 107008K, used 67077K [0x00000000c2200000, 0x00000000c8a80000, 0x00000000eb600000)
  object space 107008K, 62% used [0x00000000c2200000,0x00000000c6381470,0x00000000c8a80000)
 Metaspace       used 9853K, capacity 10046K, committed 10240K, reserved 1058816K
  class space    used 1174K, capacity 1255K, committed 1280K, reserved 1048576K
Event: 11.517 GC heap after
Heap after GC invocations=4 (full 0):
 PSYoungGen      total 66048K, used 1028K [0x00000000eb600000, 0x00000000ef900000, 0x0000000100000000)
  eden space 63488K, 0% used [0x00000000eb600000,0x00000000eb600000,0x00000000ef400000)
  from space 2560K, 40% used [0x00000000ef680000,0x00000000ef7813f0,0x00000000ef900000)
  to   space 2560K, 0% used [0x00000000ef400000,0x00000000ef400000,0x00000000ef680000)
 ParOldGen       total 107008K, used 71655K [0x00000000c2200000, 0x00000000c8a80000, 0x00000000eb600000)
  object space 107008K, 66% used [0x00000000c2200000,0x00000000c67f9dc0,0x00000000c8a80000)
 Metaspace       used 9853K, capacity 10046K, committed 10240K, reserved 1058816K
  class space    used 1174K, capacity 1255K, committed 1280K, reserved 1048576K
}

