# JRE version: Java(TM) SE Runtime Environment (8.0_60-b27) (build 1.8.0_60-b27)
# Java VM: Java HotSpot(TM) 64-Bit Server VM (25.60-b23 mixed mode windows-amd64 compressed oops)
Heap:
 PSYoungGen      total 34304K, used 27765K [0x00000000eb600000, 0x00000000eda00000, 0x0000000100000000)
  eden space 31744K, 79% used [0x00000000eb600000,0x00000000ecea6e30,0x00000000ed500000)
  from space 2560K, 98% used [0x00000000ed780000,0x00000000ed9f6870,0x00000000eda00000)
  to   space 2560K, 0% used [0x00000000ed500000,0x00000000ed500000,0x00000000ed780000)
 ParOldGen       total 107008K, used 69043K [0x00000000c2200000, 0x00000000c8a80000, 0x00000000eb600000)
  object space 107008K, 64% used [0x00000000c2200000,0x00000000c656cc20,0x00000000c8a80000)
 Metaspace       used 9378K, capacity 9570K, committed 9728K, reserved 1058816K
  class space    used 1161K, capacity 1223K, committed 1280K, reserved 1048576K
GC Heap History (8 events):
Event: 0.892 GC heap before
{Heap before GC invocations=1 (full 0):
 PSYoungGen      total 18432K, used 15829K [0x00000000eb600000, 0x00000000eca80000, 0x0000000100000000)
  eden space 15872K, 99% used [0x00000000eb600000,0x00000000ec575750,0x00000000ec580000)
  from space 2560K, 0% used [0x00000000ec800000,0x00000000ec800000,0x00000000eca80000)
  to   space 2560K, 0% used [0x00000000ec580000,0x00000000ec580000,0x00000000ec800000)
 ParOldGen       total 107008K, used 64119K [0x00000000c2200000, 0x00000000c8a80000, 0x00000000eb600000)
  object space 107008K, 59% used [0x00000000c2200000,0x00000000c609dc10,0x00000000c8a80000)
 Metaspace       used 8899K, capacity 9078K, committed 9216K, reserved 1056768K
  class space    used 1111K, capacity 1189K, committed 1280K, reserved 1048576K
Event: 0.898 GC heap after
Heap after GC invocations=1 (full 0):
 PSYoungGen      total 18432K, used 2549K [0x00000000eb600000, 0x00000000eca80000, 0x0000000100000000)
  eden space 15872K, 0% used [0x00000000eb600000,0x00000000eb600000,0x00000000ec580000)
  from space 2560K, 99% used [0x00000000ec580000,0x00000000ec7fd7a0,0x00000000ec800000)
  to   space 2560K, 0% used [0x00000000ec800000,0x00000000ec800000,0x00000000eca80000)
 ParOldGen       total 107008K, used 65155K [0x00000000c2200000, 0x00000000c8a80000, 0x00000000eb600000)
  object space 107008K, 60% used [0x00000000c2200000,0x00000000c61a0c30,0x00000000c8a80000)
 Metaspace       used 8899K, capacity 9078K, committed 9216K, reserved 1056768K
  class space    used 1111K, capacity 1189K, committed 1280K, reserved 1048576K
}
Event: 0.950 GC heap before
{Heap before GC invocations=2 (full 0):
 PSYoungGen      total 18432K, used 18420K [0x00000000eb600000, 0x00000000eca80000, 0x0000000100000000)
  eden space 15872K, 99% used [0x00000000eb600000,0x00000000ec57f948,0x00000000ec580000)
  from space 2560K, 99% used [0x00000000ec580000,0x00000000ec7fd7a0,0x00000000ec800000)
  to   space 2560K, 0% used [0x00000000ec800000,0x00000000ec800000,0x00000000eca80000)
 ParOldGen       total 107008K, used 65155K [0x00000000c2200000, 0x00000000c8a80000, 0x00000000eb600000)
  object space 107008K, 60% used [0x00000000c2200000,0x00000000c61a0c30,0x00000000c8a80000)
 Metaspace       used 8900K, capacity 9078K, committed 9216K, reserved 1056768K
  class space    used 1111K, capacity 1189K, committed 1280K, reserved 1048576K
Event: 0.955 GC heap after
Heap after GC invocations=2 (full 0):
 PSYoungGen      total 18432K, used 2522K [0x00000000eb600000, 0x00000000eda00000, 0x0000000100000000)
  eden space 15872K, 0% used [0x00000000eb600000,0x00000000eb600000,0x00000000ec580000)
  from space 2560K, 98% used [0x00000000ec800000,0x00000000eca76850,0x00000000eca80000)
  to   space 2560K, 0% used [0x00000000ec580000,0x00000000ec580000,0x00000000ec800000)
 ParOldGen       total 107008K, used 67128K [0x00000000c2200000, 0x00000000c8a80000, 0x00000000eb600000)
  object space 107008K, 62% used [0x00000000c2200000,0x00000000c638e3d0,0x00000000c8a80000)
 Metaspace       used 8900K, capacity 9078K, committed 9216K, reserved 1056768K
  class space    used 1111K, capacity 1189K, committed 1280K, reserved 1048576K
}
Event: 1.004 GC heap before
{Heap before GC invocations=3 (full 0):
 PSYoungGen      total 18432K, used 18391K [0x00000000eb600000, 0x00000000eda00000, 0x0000000100000000)
  eden space 15872K, 99% used [0x00000000eb600000,0x00000000ec57f560,0x00000000ec580000)
  from space 2560K, 98% used [0x00000000ec800000,0x00000000eca76850,0x00000000eca80000)
  to   space 2560K, 0% used [0x00000000ec580000,0x00000000ec580000,0x00000000ec800000)
 ParOldGen       total 107008K, used 67128K [0x00000000c2200000, 0x00000000c8a80000, 0x00000000eb600000)
  object space 107008K, 62% used [0x00000000c2200000,0x00000000c638e3d0,0x00000000c8a80000)
 Metaspace       used 8900K, capacity 9078K, committed 9216K, reserved 1056768K
  class space    used 1111K, capacity 1189K, committed 1280K, reserved 1048576K
Event: 1.008 GC heap after
Heap after GC invocations=3 (full 0):
 PSYoungGen      total 18432K, used 2522K [0x00000000eb600000, 0x00000000eda00000, 0x0000000100000000)
  eden space 15872K, 0% used [0x00000000eb600000,0x00000000eb600000,0x00000000ec580000)
  from space 2560K, 98% used [0x00000000ec580000,0x00000000ec7f6870,0x00000000ec800000)
  to   space 2560K, 0% used [0x00000000ed780000,0x00000000ed780000,0x00000000eda00000)
 ParOldGen       total 107008K, used 67128K [0x00000000c2200000, 0x00000000c8a80000, 0x00000000eb600000)
  object space 107008K, 62% used [0x00000000c2200000,0x00000000c638e3d0,0x00000000c8a80000)
 Metaspace       used 8900K, capacity 9078K, committed 9216K, reserved 1056768K
  class space    used 1111K, capacity 1189K, committed 1280K, reserved 1048576K
}
Event: 1.058 GC heap before
{Heap before GC invocations=4 (full 0):
 PSYoungGen      total 18432K, used 18376K [0x00000000eb600000, 0x00000000eda00000, 0x0000000100000000)
  eden space 15872K, 99% used [0x00000000eb600000,0x00000000ec57b7d8,0x00000000ec580000)
  from space 2560K, 98% used [0x00000000ec580000,0x00000000ec7f6870,0x00000000ec800000)
  to   space 2560K, 0% used [0x00000000ed780000,0x00000000ed780000,0x00000000eda00000)
 ParOldGen       total 107008K, used 67128K [0x00000000c2200000, 0x00000000c8a80000, 0x00000000eb600000)
  object space 107008K, 62% used [0x00000000c2200000,0x00000000c638e3d0,0x00000000c8a80000)
 Metaspace       used 8900K, capacity 9078K, committed 9216K, reserved 1056768K
  class space    used 1111K, capacity 1189K, committed 1280K, reserved 1048576K
Event: 1.063 GC heap after
Heap after GC invocations=4 (full 0):
 PSYoungGen      total 34304K, used 2522K [0x00000000eb600000, 0x00000000eda00000, 0x0000000100000000)
  eden space 31744K, 0% used [0x00000000eb600000,0x00000000eb600000,0x00000000ed500000)
  from space 2560K, 98% used [0x00000000ed780000,0x00000000ed9f6870,0x00000000eda00000)
  to   space 2560K, 0% used [0x00000000ed500000,0x00000000ed500000,0x00000000ed780000)
 ParOldGen       total 107008K, used 69043K [0x00000000c2200000, 0x00000000c8a80000, 0x00000000eb600000)
  object space 107008K, 64% used [0x00000000c2200000,0x00000000c656cc20,0x00000000c8a80000)
 Metaspace       used 8900K, capacity 9078K, committed 9216K, reserved 1056768K
  class space    used 1111K, capacity 1189K, committed 1280K, reserved 1048576K
}

